Started by user William Hsieh
Building in workspace /home/wchsieh2/.jenkins/jobs/mp1_maven/workspace
Switching from https://subversion.ews.illinois.edu/svn/fa15-cs427/wchsieh2/mp1 to https://subversion.ews.illinois.edu/svn/fa15-cs427/wchsieh2/mp1/trunk
Switching to https://subversion.ews.illinois.edu/svn/fa15-cs427/wchsieh2/mp1/trunk at revision '2015-09-15T22:25:19.423 -0500'
At revision 5387
no change for https://subversion.ews.illinois.edu/svn/fa15-cs427/wchsieh2/mp1/trunk since the previous build
[workspace] $ /bin/sh -xe /tmp/hudson6602475331497152648.sh
+ sh build.sh
[3;J[H[2JCreating JUNIT directory
Downloading JUNIT 4.12
--2015-09-14 13:13:15--  http://central.maven.org/maven2/junit/junit/4.12/junit-4.12.jar
Resolving central.maven.org (central.maven.org)... 23.235.44.209
Connecting to central.maven.org (central.maven.org)|23.235.44.209|:80... connected.
HTTP request sent, awaiting response... 200 OK
Length: 314932 (308K) [application/java-archive]
Saving to: ‘/home/wchsieh2/.m2/repository/junit/junit/4.12/junit-4.12.jar.2’

     0K .......... .......... .......... .......... .......... 16%  706K 0s
    50K .......... .......... .......... .......... .......... 32% 1.27M 0s
   100K .......... .......... .......... .......... .......... 48% 1.23M 0s
   150K .......... .......... .......... .......... .......... 65% 13.3M 0s
   200K .......... .......... .......... .......... .......... 81% 1.50M 0s
   250K .......... .......... .......... .......... .......... 97% 1.59M 0s
   300K .......                                               100% 11.4M=0.2s

2015-09-14 13:13:15 (1.39 MB/s) - ‘/home/wchsieh2/.m2/repository/junit/junit/4.12/junit-4.12.jar.2’ saved [314932/314932]

 
 
Creating Hamcrest directory
Downloading Hamcrest Core 1.3
--2015-09-14 13:13:15--  http://central.maven.org/maven2/org/hamcrest/hamcrest-core/1.3/hamcrest-core-1.3.jar
Resolving central.maven.org (central.maven.org)... 23.235.44.209
Connecting to central.maven.org (central.maven.org)|23.235.44.209|:80... connected.
HTTP request sent, awaiting response... 200 OK
Length: 45024 (44K) [application/java-archive]
Saving to: ‘/home/wchsieh2/.m2/repository/org/hamcrest/hamcrest-core/1.3/hamcrest-core-1.3.jar.2’

     0K .......... .......... .......... .......... ...       100%  767K=0.06s

2015-09-14 13:13:15 (767 KB/s) - ‘/home/wchsieh2/.m2/repository/org/hamcrest/hamcrest-core/1.3/hamcrest-core-1.3.jar.2’ saved [45024/45024]

 
 
Creating target/classes directory
 
 
Compiling Java codes
 
 
Creating target/test-classes directory
 
 
Compiling test codes
JUnit version 4.12
.E.
Time: 0.009
There was 1 failure:
1) failingTest(pkg.SequenceUtilTest)
java.lang.AssertionError
	at org.junit.Assert.fail(Assert.java:86)
	at org.junit.Assert.assertTrue(Assert.java:41)
	at org.junit.Assert.assertTrue(Assert.java:52)
	at pkg.SequenceUtilTest.failingTest(SequenceUtilTest.java:16)
	at sun.reflect.NativeMethodAccessorImpl.invoke0(Native Method)
	at sun.reflect.NativeMethodAccessorImpl.invoke(NativeMethodAccessorImpl.java:62)
	at sun.reflect.DelegatingMethodAccessorImpl.invoke(DelegatingMethodAccessorImpl.java:43)
	at java.lang.reflect.Method.invoke(Method.java:497)
	at org.junit.runners.model.FrameworkMethod$1.runReflectiveCall(FrameworkMethod.java:50)
	at org.junit.internal.runners.model.ReflectiveCallable.run(ReflectiveCallable.java:12)
	at org.junit.runners.model.FrameworkMethod.invokeExplosively(FrameworkMethod.java:47)
	at org.junit.internal.runners.statements.InvokeMethod.evaluate(InvokeMethod.java:17)
	at org.junit.runners.ParentRunner.runLeaf(ParentRunner.java:325)
	at org.junit.runners.BlockJUnit4ClassRunner.runChild(BlockJUnit4ClassRunner.java:78)
	at org.junit.runners.BlockJUnit4ClassRunner.runChild(BlockJUnit4ClassRunner.java:57)
	at org.junit.runners.ParentRunner$3.run(ParentRunner.java:290)
	at org.junit.runners.ParentRunner$1.schedule(ParentRunner.java:71)
	at org.junit.runners.ParentRunner.runChildren(ParentRunner.java:288)
	at org.junit.runners.ParentRunner.access$000(ParentRunner.java:58)
	at org.junit.runners.ParentRunner$2.evaluate(ParentRunner.java:268)
	at org.junit.runners.ParentRunner.run(ParentRunner.java:363)
	at org.junit.runners.Suite.runChild(Suite.java:128)
	at org.junit.runners.Suite.runChild(Suite.java:27)
	at org.junit.runners.ParentRunner$3.run(ParentRunner.java:290)
	at org.junit.runners.ParentRunner$1.schedule(ParentRunner.java:71)
	at org.junit.runners.ParentRunner.runChildren(ParentRunner.java:288)
	at org.junit.runners.ParentRunner.access$000(ParentRunner.java:58)
	at org.junit.runners.ParentRunner$2.evaluate(ParentRunner.java:268)
	at org.junit.runners.ParentRunner.run(ParentRunner.java:363)
	at org.junit.runner.JUnitCore.run(JUnitCore.java:137)
	at org.junit.runner.JUnitCore.run(JUnitCore.java:115)
	at org.junit.runner.JUnitCore.runMain(JUnitCore.java:77)
	at org.junit.runner.JUnitCore.main(JUnitCore.java:36)

FAILURES!!!
Tests run: 2,  Failures: 1

Build step 'Execute shell' marked build as failure
Finished: FAILURE
